{"C:\\Users\\IVY\\Desktop\\20_PROJ_CHAL\\1_PBLOG\\testing.js": {"path":"C:\\Users\\IVY\\Desktop\\20_PROJ_CHAL\\1_PBLOG\\testing.js","statementMap":{"0":{"start":{"line":2,"column":4},"end":{"line":2,"column":22}},"1":{"start":{"line":5,"column":0},"end":{"line":5,"column":25}}},"fnMap":{"0":{"name":"testing","decl":{"start":{"line":1,"column":9},"end":{"line":1,"column":16}},"loc":{"start":{"line":1,"column":28},"end":{"line":3,"column":1}},"line":1}},"branchMap":{},"s":{"0":1,"1":1},"f":{"0":1},"b":{},"_coverageSchema":"1a1c01bbd47fc00a2c39e90264f33305004495a9","hash":"55f25c712c85e703b313fd2df72244e21e203aa7"}
}
